
*** Running vivado
    with args -log ALU_tb.vds -m64 -product Vivado -mode batch -messageDb vivado.pb -notrace -source ALU_tb.tcl



****** Vivado v2025.2 (64-bit)
  **** SW Build 6299465 on Fri Nov 14 19:35:11 GMT 2025
  **** IP Build 6300035 on Fri Nov 14 10:48:45 MST 2025
  **** SharedData Build 6298862 on Thu Nov 13 04:50:51 MST 2025
  **** Start of session at: Tue Jan 20 21:16:45 2026
    ** Copyright 1986-2022 Xilinx, Inc. All Rights Reserved.
    ** Copyright 2022-2025 Advanced Micro Devices, Inc. All Rights Reserved.

source ALU_tb.tcl -notrace
create_project: Time (s): cpu = 00:00:09 ; elapsed = 00:00:07 . Memory (MB): peak = 538.875 ; gain = 219.918
Command: synth_design -top ALU_tb -part xc7k70tfbv676-1
Starting synth_design
Attempting to get a license for feature 'Synthesis' and/or device 'xc7k70t'
INFO: [Common 17-349] Got license for feature 'Synthesis' and/or device 'xc7k70t'
INFO: [Synth 8-7079] Multithreading enabled for synth_design using a maximum of 2 processes.
INFO: [Synth 8-7078] Launching helper process for spawning children vivado processes
INFO: [Synth 8-7075] Helper process launched with PID 30284
---------------------------------------------------------------------------------
Starting Synthesize : Time (s): cpu = 00:00:06 ; elapsed = 00:00:07 . Memory (MB): peak = 1081.031 ; gain = 539.176
---------------------------------------------------------------------------------
INFO: [Synth 8-11241] undeclared symbol 'ALU_Out', assumed default net type 'wire' [C:/Users/Rajeet013/ALU/ALU.srcs/sources_1/new/ALU.v:11]
INFO: [Synth 8-6157] synthesizing module 'ALU_tb' [C:/Users/Rajeet013/ALU/ALU.srcs/sources_1/new/ALU_tb.v:4]
INFO: [Synth 8-6157] synthesizing module 'ALU' [C:/Users/Rajeet013/ALU/ALU.srcs/sources_1/new/ALU.v:3]
INFO: [Synth 8-226] default block is never used [C:/Users/Rajeet013/ALU/ALU.srcs/sources_1/new/ALU.v:16]
INFO: [Synth 8-6155] done synthesizing module 'ALU' (0#1) [C:/Users/Rajeet013/ALU/ALU.srcs/sources_1/new/ALU.v:3]
INFO: [Synth 8-6155] done synthesizing module 'ALU_tb' (0#1) [C:/Users/Rajeet013/ALU/ALU.srcs/sources_1/new/ALU_tb.v:4]
WARNING: [Synth 8-3848] Net ALU_out in module/entity ALU does not have driver. [C:/Users/Rajeet013/ALU/ALU.srcs/sources_1/new/ALU.v:6]
WARNING: [Synth 8-7129] Port ALU_out[7] in module ALU is either unconnected or has no load
WARNING: [Synth 8-7129] Port ALU_out[6] in module ALU is either unconnected or has no load
WARNING: [Synth 8-7129] Port ALU_out[5] in module ALU is either unconnected or has no load
WARNING: [Synth 8-7129] Port ALU_out[4] in module ALU is either unconnected or has no load
WARNING: [Synth 8-7129] Port ALU_out[3] in module ALU is either unconnected or has no load
WARNING: [Synth 8-7129] Port ALU_out[2] in module ALU is either unconnected or has no load
WARNING: [Synth 8-7129] Port ALU_out[1] in module ALU is either unconnected or has no load
WARNING: [Synth 8-7129] Port ALU_out[0] in module ALU is either unconnected or has no load
WARNING: [Synth 8-7129] Port ALU_Sel[3] in module ALU is either unconnected or has no load
WARNING: [Synth 8-7129] Port ALU_Sel[2] in module ALU is either unconnected or has no load
WARNING: [Synth 8-7129] Port ALU_Sel[1] in module ALU is either unconnected or has no load
WARNING: [Synth 8-7129] Port ALU_Sel[0] in module ALU is either unconnected or has no load
---------------------------------------------------------------------------------
Finished Synthesize : Time (s): cpu = 00:00:07 ; elapsed = 00:00:09 . Memory (MB): peak = 1197.695 ; gain = 655.840
---------------------------------------------------------------------------------
---------------------------------------------------------------------------------
Finished Constraint Validation : Time (s): cpu = 00:00:08 ; elapsed = 00:00:09 . Memory (MB): peak = 1197.695 ; gain = 655.840
---------------------------------------------------------------------------------
---------------------------------------------------------------------------------
Start Loading Part and Timing Information
---------------------------------------------------------------------------------
Loading part: xc7k70tfbv676-1
---------------------------------------------------------------------------------
INFO: [Device 21-403] Loading part xc7k70tfbv676-1
Finished Loading Part and Timing Information : Time (s): cpu = 00:00:08 ; elapsed = 00:00:09 . Memory (MB): peak = 1197.695 ; gain = 655.840
---------------------------------------------------------------------------------
---------------------------------------------------------------------------------
Finished RTL Optimization Phase 2 : Time (s): cpu = 00:00:08 ; elapsed = 00:00:10 . Memory (MB): peak = 1197.695 ; gain = 655.840
---------------------------------------------------------------------------------
No constraint files found.
---------------------------------------------------------------------------------
Start RTL Component Statistics 
---------------------------------------------------------------------------------
Detailed RTL Component Info : 
+---Adders : 
	   2 Input    9 Bit       Adders := 1     
---------------------------------------------------------------------------------
Finished RTL Component Statistics 
---------------------------------------------------------------------------------
---------------------------------------------------------------------------------
Start Part Resource Summary
---------------------------------------------------------------------------------
Part Resources:
DSPs: 240 (col length:80)
BRAMs: 270 (col length: RAMB18 80 RAMB36 40)
---------------------------------------------------------------------------------
Finished Part Resource Summary
---------------------------------------------------------------------------------
No constraint files found.
---------------------------------------------------------------------------------
Start Cross Boundary and Area Optimization
---------------------------------------------------------------------------------
WARNING: [Synth 8-3330] design ALU_tb has an empty top module
---------------------------------------------------------------------------------
Finished Cross Boundary and Area Optimization : Time (s): cpu = 00:00:12 ; elapsed = 00:00:28 . Memory (MB): peak = 1343.984 ; gain = 802.129
---------------------------------------------------------------------------------
No constraint files found.
---------------------------------------------------------------------------------
Start Timing Optimization
---------------------------------------------------------------------------------
---------------------------------------------------------------------------------
Finished Timing Optimization : Time (s): cpu = 00:00:12 ; elapsed = 00:00:28 . Memory (MB): peak = 1368.848 ; gain = 826.992
---------------------------------------------------------------------------------
---------------------------------------------------------------------------------
Start Technology Mapping
---------------------------------------------------------------------------------
---------------------------------------------------------------------------------
Finished Technology Mapping : Time (s): cpu = 00:00:12 ; elapsed = 00:00:28 . Memory (MB): peak = 1368.848 ; gain = 826.992
---------------------------------------------------------------------------------
---------------------------------------------------------------------------------
Start IO Insertion
---------------------------------------------------------------------------------
---------------------------------------------------------------------------------
Start Flattening Before IO Insertion
---------------------------------------------------------------------------------
---------------------------------------------------------------------------------
Finished Flattening Before IO Insertion
---------------------------------------------------------------------------------
---------------------------------------------------------------------------------
Start Final Netlist Cleanup
---------------------------------------------------------------------------------
---------------------------------------------------------------------------------
Finished Final Netlist Cleanup
---------------------------------------------------------------------------------
---------------------------------------------------------------------------------
Finished IO Insertion : Time (s): cpu = 00:00:15 ; elapsed = 00:00:32 . Memory (MB): peak = 1603.844 ; gain = 1061.988
---------------------------------------------------------------------------------
---------------------------------------------------------------------------------
Start Renaming Generated Instances
---------------------------------------------------------------------------------
---------------------------------------------------------------------------------
Finished Renaming Generated Instances : Time (s): cpu = 00:00:15 ; elapsed = 00:00:32 . Memory (MB): peak = 1603.844 ; gain = 1061.988
---------------------------------------------------------------------------------
---------------------------------------------------------------------------------
Start Rebuilding User Hierarchy
---------------------------------------------------------------------------------
---------------------------------------------------------------------------------
Finished Rebuilding User Hierarchy : Time (s): cpu = 00:00:15 ; elapsed = 00:00:32 . Memory (MB): peak = 1603.844 ; gain = 1061.988
---------------------------------------------------------------------------------
---------------------------------------------------------------------------------
Start Renaming Generated Ports
---------------------------------------------------------------------------------
---------------------------------------------------------------------------------
Finished Renaming Generated Ports : Time (s): cpu = 00:00:15 ; elapsed = 00:00:32 . Memory (MB): peak = 1603.844 ; gain = 1061.988
---------------------------------------------------------------------------------
---------------------------------------------------------------------------------
Start Handling Custom Attributes
---------------------------------------------------------------------------------
---------------------------------------------------------------------------------
Finished Handling Custom Attributes : Time (s): cpu = 00:00:15 ; elapsed = 00:00:32 . Memory (MB): peak = 1603.844 ; gain = 1061.988
---------------------------------------------------------------------------------
---------------------------------------------------------------------------------
Start Renaming Generated Nets
---------------------------------------------------------------------------------
---------------------------------------------------------------------------------
Finished Renaming Generated Nets : Time (s): cpu = 00:00:15 ; elapsed = 00:00:32 . Memory (MB): peak = 1603.844 ; gain = 1061.988
---------------------------------------------------------------------------------
---------------------------------------------------------------------------------
Start Writing Synthesis Report
---------------------------------------------------------------------------------

Report BlackBoxes: 
+-+--------------+----------+
| |BlackBox name |Instances |
+-+--------------+----------+
+-+--------------+----------+

Report Cell Usage: 
+-+-----+------+
| |Cell |Count |
+-+-----+------+
+-+-----+------+

Report Instance Areas: 
+------+---------+-------+------+
|      |Instance |Module |Cells |
+------+---------+-------+------+
|1     |top      |       |     0|
+------+---------+-------+------+
---------------------------------------------------------------------------------
Finished Writing Synthesis Report : Time (s): cpu = 00:00:15 ; elapsed = 00:00:32 . Memory (MB): peak = 1603.844 ; gain = 1061.988
---------------------------------------------------------------------------------
Synthesis finished with 0 errors, 0 critical warnings and 14 warnings.
Synthesis Optimization Runtime : Time (s): cpu = 00:00:15 ; elapsed = 00:00:32 . Memory (MB): peak = 1603.844 ; gain = 1061.988
Synthesis Optimization Complete : Time (s): cpu = 00:00:15 ; elapsed = 00:00:32 . Memory (MB): peak = 1603.844 ; gain = 1061.988
INFO: [Project 1-571] Translating synthesized netlist
Netlist sorting complete. Time (s): cpu = 00:00:00 ; elapsed = 00:00:00 . Memory (MB): peak = 1604.844 ; gain = 0.000
INFO: [Project 1-570] Preparing netlist for logic optimization
INFO: [Opt 31-138] Pushed 0 inverter(s) to 0 load pin(s).
Netlist sorting complete. Time (s): cpu = 00:00:00 ; elapsed = 00:00:00 . Memory (MB): peak = 1728.504 ; gain = 0.000
INFO: [Project 1-111] Unisim Transformation Summary:
No Unisim elements were transformed.

Synth Design complete | Checksum: 114efbfd
INFO: [Common 17-83] Releasing license: Synthesis
16 Infos, 14 Warnings, 0 Critical Warnings and 0 Errors encountered.
synth_design completed successfully
synth_design: Time (s): cpu = 00:00:17 ; elapsed = 00:00:36 . Memory (MB): peak = 1728.504 ; gain = 1189.629
INFO: [Common 17-1381] The checkpoint 'C:/Users/Rajeet013/ALU/ALU.runs/synth_1/ALU_tb.dcp' has been generated.
INFO: [Vivado 12-24828] Executing command : report_utilization -file ALU_tb_utilization_synth.rpt -pb ALU_tb_utilization_synth.pb
INFO: [Common 17-206] Exiting Vivado at Tue Jan 20 21:17:32 2026...
